<?xml version="1.0" encoding="UTF-8"?>
<testng-results ignored="0" total="1" passed="1" failed="0" skipped="0">
  <reporter-output>
  </reporter-output>
  <suite started-at="2023-01-07T23:07:33 EST" name="Default suite" finished-at="2023-01-07T23:07:35 EST" duration-ms="1595">
    <groups>
    </groups>
    <test started-at="2023-01-07T23:07:33 EST" name="Default test" finished-at="2023-01-07T23:07:35 EST" duration-ms="1595">
      <class name="api.testscripts.GetUserTest">
        <test-method is-config="true" signature="init()[pri:0, instance:api.testscripts.GetUserTest@3059cbc]" started-at="2023-01-07T23:07:33 EST" name="init" finished-at="2023-01-07T23:07:33 EST" duration-ms="5" status="PASS">
          <reporter-output>
          </reporter-output>
        </test-method> <!-- init -->
        <test-method signature="getUsersTest()[pri:0, instance:api.testscripts.GetUserTest@3059cbc]" started-at="2023-01-07T23:07:33 EST" name="getUsersTest" finished-at="2023-01-07T23:07:35 EST" duration-ms="1564" status="PASS">
          <reporter-output>
          </reporter-output>
        </test-method> <!-- getUsersTest -->
      </class> <!-- api.testscripts.GetUserTest -->
    </test> <!-- Default test -->
  </suite> <!-- Default suite -->
</testng-results>
